This is LuaTeX, Version 1.17.0 (TeX Live 2023/Debian)  (format=dvilualatex 2026.5.5)  13 MAY 2026 22:45
 restricted system commands enabled.
**/home/hellen/Documentos/HC_P2_LF1/GE_Template_Lab_Report/3-resultados.tex
(/home/hellen/Documentos/HC_P2_LF1/GE_Template_Lab_Report/3-resultados.tex
LaTeX2e <2023-11-01> patch level 1
L3 programming layer <2024-01-22>
[\directlua]:1: module 'luaotfload-main' not found:
	no field package.preload['luaotfload-main']
	[kpse lua searcher] file not found: 'luaotfload-main'
Error in luaotfload: reverting to OT1
Inserting `tracingstacklevels' in `input_level_string'.
! Undefined control sequence.
l.1 \chapter
          {Resultados}

Here is how much of LuaTeX's memory you used:
 20 strings out of 476548
 100000,1977958 words of node,token memory allocated
 275 words of node memory still in use:
   1 hlist, 1 dir, 39 glue_spec nodes
   avail lists: 2:12,3:3,4:1
 22127 multiletter control sequences out of 65536+600000
 14 fonts using 591679 bytes
 12i,0n,13p,95b,15s stack positions out of 10000i,1000n,20000p,200000b,200000s
!  ==> Fatal error occurred, bad output DVI file produced!
No pages of output.

